[2020-10-26T04:13:57.417] [TRACE] traceFile - PunchSpecificationFactory#getAttendance: start
[2020-10-26T04:13:57.418] [TRACE] traceFile - PunchActionFactory#actionAttendance: start
[2020-10-26T04:13:57.418] [TRACE] traceFile - Employee#punchTimecard: start
[2020-10-26T04:13:57.419] [TRACE] traceFile - PunchAttendanceAction#punched: start
[2020-10-26T04:13:57.419] [TRACE] traceFile - AttendanceSpecification#punchable: start
[2020-10-26T04:13:57.420] [TRACE] traceFile - RepositoryOnMemory#searchByEmployee: start
[2020-10-26T04:13:57.429] [TRACE] traceFile - PunchSpecificationFactory#getAttendance: start
[2020-10-26T04:13:57.429] [TRACE] traceFile - PunchActionFactory#actionAttendance: start
[2020-10-26T04:13:57.429] [TRACE] traceFile - Employee#punchTimecard: start
[2020-10-26T04:13:57.429] [TRACE] traceFile - PunchAttendanceAction#punched: start
[2020-10-26T04:13:57.429] [TRACE] traceFile - AttendanceSpecification#punchable: start
[2020-10-26T04:13:57.429] [TRACE] traceFile - RepositoryOnMemory#searchByEmployee: start
[2020-10-26T04:13:57.430] [TRACE] traceFile - RepositoryOnMemory#save: start
[2020-10-26T04:13:57.431] [TRACE] traceFile - PunchSpecificationFactory#getLeavework: start
[2020-10-26T04:13:57.431] [TRACE] traceFile - PunchActionFactory#actionLeavework: start
[2020-10-26T04:13:57.431] [TRACE] traceFile - Employee#punchTimecard: start
[2020-10-26T04:13:57.431] [TRACE] traceFile - PunchLeaveworkAction#punched: start
[2020-10-26T04:13:57.432] [TRACE] traceFile - LeaveworkSpecification#punchable: start
[2020-10-26T04:13:57.432] [TRACE] traceFile - RepositoryOnMemory#searchByEmployee: start
[2020-10-26T04:13:57.441] [TRACE] traceFile - PunchSpecificationFactory#getAttendance: start
[2020-10-26T04:13:57.441] [TRACE] traceFile - PunchActionFactory#actionAttendance: start
[2020-10-26T04:13:57.441] [TRACE] traceFile - Employee#punchTimecard: start
[2020-10-26T04:13:57.441] [TRACE] traceFile - PunchAttendanceAction#punched: start
[2020-10-26T04:13:57.441] [TRACE] traceFile - AttendanceSpecification#punchable: start
[2020-10-26T04:13:57.441] [TRACE] traceFile - RepositoryOnMemory#searchByEmployee: start
[2020-10-26T04:13:57.442] [TRACE] traceFile - RepositoryOnMemory#save: start
[2020-10-26T04:13:57.442] [TRACE] traceFile - PunchSpecificationFactory#getTakebreak: start
[2020-10-26T04:13:57.442] [TRACE] traceFile - PunchActionFactory#actionTakebreak: start
[2020-10-26T04:13:57.442] [TRACE] traceFile - Employee#punchTimecard: start
[2020-10-26T04:13:57.442] [TRACE] traceFile - PunchTakebreakAction#punched: start
[2020-10-26T04:13:57.443] [TRACE] traceFile - TakebreakSpecification#punchable: start
[2020-10-26T04:13:57.443] [TRACE] traceFile - RepositoryOnMemory#searchByEmployee: start
[2020-10-26T04:13:57.446] [TRACE] traceFile - PunchSpecificationFactory#getAttendance: start
[2020-10-26T04:13:57.446] [TRACE] traceFile - PunchActionFactory#actionAttendance: start
[2020-10-26T04:13:57.446] [TRACE] traceFile - Employee#punchTimecard: start
[2020-10-26T04:13:57.447] [TRACE] traceFile - PunchAttendanceAction#punched: start
[2020-10-26T04:13:57.447] [TRACE] traceFile - AttendanceSpecification#punchable: start
[2020-10-26T04:13:57.447] [TRACE] traceFile - RepositoryOnMemory#searchByEmployee: start
[2020-10-26T04:13:57.447] [TRACE] traceFile - RepositoryOnMemory#save: start
[2020-10-26T04:13:57.447] [TRACE] traceFile - PunchSpecificationFactory#getTakebreak: start
[2020-10-26T04:13:57.447] [TRACE] traceFile - PunchActionFactory#actionTakebreak: start
[2020-10-26T04:13:57.447] [TRACE] traceFile - Employee#punchTimecard: start
[2020-10-26T04:13:57.447] [TRACE] traceFile - PunchTakebreakAction#punched: start
[2020-10-26T04:13:57.447] [TRACE] traceFile - TakebreakSpecification#punchable: start
[2020-10-26T04:13:57.447] [TRACE] traceFile - RepositoryOnMemory#searchByEmployee: start
[2020-10-26T04:13:57.447] [TRACE] traceFile - RepositoryOnMemory#save: start
[2020-10-26T04:13:57.448] [TRACE] traceFile - PunchSpecificationFactory#getEndbreak: start
[2020-10-26T04:13:57.448] [TRACE] traceFile - PunchActionFactory#actionEndbreak: start
[2020-10-26T04:13:57.448] [TRACE] traceFile - Employee#punchTimecard: start
[2020-10-26T04:13:57.448] [TRACE] traceFile - PunchEndbreakAction#punched: start
[2020-10-26T04:13:57.449] [TRACE] traceFile - EndbreakSpecification#punchable: start
[2020-10-26T04:13:57.449] [TRACE] traceFile - RepositoryOnMemory#searchByEmployee: start
[2020-10-26T04:14:05.432] [TRACE] traceFile - PunchSpecificationFactory#getAttendance: start
[2020-10-26T04:14:05.435] [TRACE] traceFile - PunchActionFactory#actionAttendance: start
[2020-10-26T04:14:05.435] [TRACE] traceFile - Employee#punchTimecard: start
[2020-10-26T04:14:05.436] [TRACE] traceFile - PunchAttendanceAction#punched: start
[2020-10-26T04:14:05.437] [TRACE] traceFile - AttendanceSpecification#punchable: start
[2020-10-26T04:14:05.438] [TRACE] traceFile - RepositoryOnMemory#searchByEmployee: start
[2020-10-26T04:14:05.452] [TRACE] traceFile - PunchSpecificationFactory#getAttendance: start
[2020-10-26T04:14:05.452] [TRACE] traceFile - PunchActionFactory#actionAttendance: start
[2020-10-26T04:14:05.452] [TRACE] traceFile - Employee#punchTimecard: start
[2020-10-26T04:14:05.452] [TRACE] traceFile - PunchAttendanceAction#punched: start
[2020-10-26T04:14:05.452] [TRACE] traceFile - AttendanceSpecification#punchable: start
[2020-10-26T04:14:05.453] [TRACE] traceFile - RepositoryOnMemory#searchByEmployee: start
[2020-10-26T04:14:05.453] [TRACE] traceFile - RepositoryOnMemory#save: start
[2020-10-26T04:14:05.456] [TRACE] traceFile - PunchSpecificationFactory#getLeavework: start
[2020-10-26T04:14:05.456] [TRACE] traceFile - PunchActionFactory#actionLeavework: start
[2020-10-26T04:14:05.456] [TRACE] traceFile - Employee#punchTimecard: start
[2020-10-26T04:14:05.456] [TRACE] traceFile - PunchLeaveworkAction#punched: start
[2020-10-26T04:14:05.457] [TRACE] traceFile - LeaveworkSpecification#punchable: start
[2020-10-26T04:14:05.458] [TRACE] traceFile - RepositoryOnMemory#searchByEmployee: start
[2020-10-26T04:14:05.475] [TRACE] traceFile - PunchSpecificationFactory#getAttendance: start
[2020-10-26T04:14:05.475] [TRACE] traceFile - PunchActionFactory#actionAttendance: start
[2020-10-26T04:14:05.475] [TRACE] traceFile - Employee#punchTimecard: start
[2020-10-26T04:14:05.475] [TRACE] traceFile - PunchAttendanceAction#punched: start
[2020-10-26T04:14:05.475] [TRACE] traceFile - AttendanceSpecification#punchable: start
[2020-10-26T04:14:05.475] [TRACE] traceFile - RepositoryOnMemory#searchByEmployee: start
[2020-10-26T04:14:05.476] [TRACE] traceFile - RepositoryOnMemory#save: start
[2020-10-26T04:14:05.476] [TRACE] traceFile - PunchSpecificationFactory#getTakebreak: start
[2020-10-26T04:14:05.476] [TRACE] traceFile - PunchActionFactory#actionTakebreak: start
[2020-10-26T04:14:05.476] [TRACE] traceFile - Employee#punchTimecard: start
[2020-10-26T04:14:05.476] [TRACE] traceFile - PunchTakebreakAction#punched: start
[2020-10-26T04:14:05.477] [TRACE] traceFile - TakebreakSpecification#punchable: start
[2020-10-26T04:14:05.477] [TRACE] traceFile - RepositoryOnMemory#searchByEmployee: start
[2020-10-26T04:14:05.480] [TRACE] traceFile - PunchSpecificationFactory#getAttendance: start
[2020-10-26T04:14:05.480] [TRACE] traceFile - PunchActionFactory#actionAttendance: start
[2020-10-26T04:14:05.480] [TRACE] traceFile - Employee#punchTimecard: start
[2020-10-26T04:14:05.481] [TRACE] traceFile - PunchAttendanceAction#punched: start
[2020-10-26T04:14:05.481] [TRACE] traceFile - AttendanceSpecification#punchable: start
[2020-10-26T04:14:05.481] [TRACE] traceFile - RepositoryOnMemory#searchByEmployee: start
[2020-10-26T04:14:05.481] [TRACE] traceFile - RepositoryOnMemory#save: start
[2020-10-26T04:14:05.482] [TRACE] traceFile - PunchSpecificationFactory#getTakebreak: start
[2020-10-26T04:14:05.482] [TRACE] traceFile - PunchActionFactory#actionTakebreak: start
[2020-10-26T04:14:05.482] [TRACE] traceFile - Employee#punchTimecard: start
[2020-10-26T04:14:05.482] [TRACE] traceFile - PunchTakebreakAction#punched: start
[2020-10-26T04:14:05.482] [TRACE] traceFile - TakebreakSpecification#punchable: start
[2020-10-26T04:14:05.482] [TRACE] traceFile - RepositoryOnMemory#searchByEmployee: start
[2020-10-26T04:14:05.482] [TRACE] traceFile - RepositoryOnMemory#save: start
[2020-10-26T04:14:05.483] [TRACE] traceFile - PunchSpecificationFactory#getEndbreak: start
[2020-10-26T04:14:05.483] [TRACE] traceFile - PunchActionFactory#actionEndbreak: start
[2020-10-26T04:14:05.483] [TRACE] traceFile - Employee#punchTimecard: start
[2020-10-26T04:14:05.483] [TRACE] traceFile - PunchEndbreakAction#punched: start
[2020-10-26T04:14:05.484] [TRACE] traceFile - EndbreakSpecification#punchable: start
[2020-10-26T04:14:05.485] [TRACE] traceFile - RepositoryOnMemory#searchByEmployee: start
