[2020-10-23T14:29:12.966] [INFO] app - test01が勤怠を行いました
[2020-10-23T14:29:12.983] [INFO] app - test01が勤怠を行いました
[2020-10-23T14:30:10.398] [INFO] app - test01が勤怠を行いました
[2020-10-23T14:30:10.411] [INFO] app - test01が勤怠を行いました
[2020-10-23T14:30:10.414] [INFO] app - test01が勤怠を行いました
[2020-10-23T14:30:10.428] [INFO] app - test01が勤怠を行いました
[2020-10-23T14:30:10.434] [INFO] app - test01が勤怠を行いました
[2020-10-23T14:30:10.466] [INFO] app - test01が勤怠を行いました
[2020-10-23T14:30:56.209] [INFO] app - test01が勤怠を行いました
[2020-10-23T14:30:56.203] [INFO] app - test01が勤怠を行いました
[2020-10-23T14:30:56.223] [INFO] app - test01が勤怠を行いました
[2020-10-23T14:30:56.227] [INFO] app - test01が勤怠を行いました
[2020-10-23T14:30:56.231] [WARN] app - 出勤前に退勤を行うことはできません
[2020-10-23T14:30:56.247] [INFO] app - test01が勤怠を行いました
[2020-10-23T14:30:56.252] [INFO] app - test01が勤怠を行いました
[2020-10-23T14:32:37.570] [INFO] app - test01が勤怠を行いました
[2020-10-23T14:32:37.584] [INFO] app - test01が勤怠を行いました
[2020-10-23T14:32:37.586] [INFO] app - test01が勤怠を行いました
[2020-10-23T14:32:37.588] [WARN] app - 出勤前に退勤を行うことはできません
[2020-10-23T14:32:37.597] [INFO] app - test01が勤怠を行いました
[2020-10-23T14:32:37.601] [INFO] app - test01が勤怠を行いました
[2020-10-23T14:32:37.594] [INFO] app - test01が勤怠を行いました
[2020-10-23T14:33:18.563] [INFO] app - test01が勤怠を行いました
[2020-10-23T14:33:18.715] [INFO] app - test01が勤怠を行いました
[2020-10-23T14:33:18.726] [INFO] app - test01が勤怠を行いました
[2020-10-23T14:33:18.728] [INFO] app - test01が勤怠を行いました
[2020-10-23T14:33:18.731] [WARN] app - 出勤前に退勤を行うことはできません
[2020-10-23T14:33:18.739] [INFO] app - test01が勤怠を行いました
[2020-10-23T14:33:18.743] [INFO] app - test01が勤怠を行いました
[2020-10-23T14:33:39.958] [INFO] app - test01が勤怠を行いました
[2020-10-23T14:33:41.998] [INFO] app - test01が勤怠を行いました
[2020-10-23T14:33:42.009] [INFO] app - test01が勤怠を行いました
[2020-10-23T14:33:42.012] [INFO] app - test01が勤怠を行いました
[2020-10-23T14:33:42.014] [WARN] app - 出勤前に退勤を行うことはできません
[2020-10-23T14:33:42.023] [INFO] app - test01が勤怠を行いました
[2020-10-23T14:33:42.026] [INFO] app - test01が勤怠を行いました
[2020-10-23T14:33:42.478] [INFO] app - test01が勤怠を行いました
[2020-10-23T14:33:42.497] [INFO] app - test01が勤怠を行いました
[2020-10-23T14:33:42.501] [WARN] app - 出勤前に退勤を行うことはできません
[2020-10-23T14:40:21.821] [INFO] app - test01が勤怠を行いました
[2020-10-23T14:40:21.845] [INFO] app - test01が勤怠を行いました
[2020-10-23T14:40:21.858] [INFO] app - test01が勤怠を行いました
[2020-10-23T14:40:21.861] [INFO] app - test01が勤怠を行いました
[2020-10-23T14:40:21.863] [WARN] app - 出勤前に退勤を行うことはできません
[2020-10-23T14:40:21.872] [INFO] app - test01が勤怠を行いました
[2020-10-23T14:40:21.876] [INFO] app - test01が勤怠を行いました
[2020-10-23T14:45:38.019] [INFO] app - test01が勤怠を行いました
[2020-10-23T14:45:38.045] [INFO] app - test01が勤怠を行いました
[2020-10-23T14:45:38.048] [WARN] app - 出勤前に退勤を行うことはできません
[2020-10-23T14:46:32.646] [INFO] app - test01が勤怠を行いました
[2020-10-23T14:46:32.681] [INFO] app - test01が勤怠を行いました
[2020-10-23T14:46:32.692] [INFO] app - test01が勤怠を行いました
[2020-10-23T14:46:32.694] [INFO] app - test01が勤怠を行いました
[2020-10-23T14:46:32.697] [WARN] app - 出勤前に退勤を行うことはできません
[2020-10-23T14:46:32.705] [INFO] app - test01が勤怠を行いました
[2020-10-23T14:46:32.709] [INFO] app - test01が勤怠を行いました
[2020-10-23T14:46:45.430] [INFO] app - test01が勤怠を行いました
[2020-10-23T14:46:45.441] [INFO] app - test01が勤怠を行いました
[2020-10-23T14:46:45.444] [INFO] app - test01が勤怠を行いました
[2020-10-23T14:46:45.446] [WARN] app - 出勤前に退勤を行うことはできません
[2020-10-23T14:46:45.454] [INFO] app - test01が勤怠を行いました
[2020-10-23T14:46:45.458] [INFO] app - test01が勤怠を行いました
[2020-10-23T14:46:45.455] [INFO] app - test01が勤怠を行いました
[2020-10-23T14:47:03.196] [INFO] app - test01が勤怠を行いました
[2020-10-23T14:47:03.180] [INFO] app - test01が勤怠を行いました
[2020-10-23T14:47:03.192] [INFO] app - test01が勤怠を行いました
[2020-10-23T14:47:03.195] [INFO] app - test01が勤怠を行いました
[2020-10-23T14:47:03.197] [WARN] app - 出勤前に退勤を行うことはできません
[2020-10-23T14:47:03.207] [INFO] app - test01が勤怠を行いました
[2020-10-23T14:47:03.212] [INFO] app - test01が勤怠を行いました
[2020-10-23T14:47:15.298] [INFO] app - test01が勤怠を行いました
[2020-10-23T14:47:15.333] [INFO] app - test01が勤怠を行いました
[2020-10-23T14:47:15.343] [INFO] app - test01が勤怠を行いました
[2020-10-23T14:47:15.346] [INFO] app - test01が勤怠を行いました
[2020-10-23T14:47:15.348] [WARN] app - 出勤前に退勤を行うことはできません
[2020-10-23T14:47:15.356] [INFO] app - test01が勤怠を行いました
[2020-10-23T14:47:15.360] [INFO] app - test01が勤怠を行いました
[2020-10-23T14:47:29.494] [INFO] app - test01が勤怠を行いました
[2020-10-23T14:47:29.522] [INFO] app - test01が勤怠を行いました
[2020-10-23T14:47:29.538] [INFO] app - test01が勤怠を行いました
[2020-10-23T14:47:29.540] [INFO] app - test01が勤怠を行いました
[2020-10-23T14:47:29.542] [WARN] app - 出勤前に退勤を行うことはできません
[2020-10-23T14:47:29.552] [INFO] app - test01が勤怠を行いました
[2020-10-23T14:47:29.556] [INFO] app - test01が勤怠を行いました
[2020-10-23T14:48:17.912] [INFO] app - test01が勤怠を行いました
[2020-10-23T14:48:17.923] [INFO] app - test01が勤怠を行いました
[2020-10-23T14:48:17.935] [INFO] app - test01が勤怠を行いました
[2020-10-23T14:48:17.938] [INFO] app - test01が勤怠を行いました
[2020-10-23T14:48:17.941] [WARN] app - 出勤前に退勤を行うことはできません
[2020-10-23T14:48:17.946] [INFO] app - test01が勤怠を行いました
[2020-10-23T14:48:17.949] [INFO] app - test01が勤怠を行いました
[2020-10-23T14:48:44.971] [INFO] app - test01が勤怠を行いました
[2020-10-23T14:48:44.982] [INFO] app - test01が勤怠を行いました
[2020-10-23T14:48:44.985] [INFO] app - test01が勤怠を行いました
[2020-10-23T14:48:44.987] [WARN] app - 出勤前に退勤を行うことはできません
[2020-10-23T14:48:44.996] [INFO] app - test01が勤怠を行いました
[2020-10-23T14:48:44.999] [INFO] app - test01が勤怠を行いました
[2020-10-23T14:48:45.018] [INFO] app - test01が勤怠を行いました
[2020-10-23T14:49:34.179] [INFO] app - test01が勤怠を行いました
[2020-10-23T14:49:34.228] [INFO] app - test01が勤怠を行いました
[2020-10-23T14:49:34.243] [INFO] app - test01が勤怠を行いました
[2020-10-23T14:49:34.248] [INFO] app - test01が勤怠を行いました
[2020-10-23T14:49:34.250] [WARN] app - 出勤前に退勤を行うことはできません
[2020-10-23T14:49:34.267] [INFO] app - test01が勤怠を行いました
[2020-10-23T14:49:34.272] [INFO] app - test01が勤怠を行いました
[2020-10-23T14:50:05.296] [INFO] app - test01が勤怠を行いました
[2020-10-23T14:50:05.341] [INFO] app - test01が勤怠を行いました
[2020-10-23T14:50:05.352] [INFO] app - test01が勤怠を行いました
[2020-10-23T14:50:05.355] [INFO] app - test01が勤怠を行いました
[2020-10-23T14:50:05.357] [WARN] app - 出勤前に退勤を行うことはできません
[2020-10-23T14:50:05.367] [INFO] app - test01が勤怠を行いました
[2020-10-23T14:50:05.371] [INFO] app - test01が勤怠を行いました
[2020-10-23T14:50:51.740] [INFO] app - test01が勤怠を行いました
[2020-10-23T14:50:51.777] [INFO] app - test01が勤怠を行いました
[2020-10-23T14:50:51.790] [INFO] app - test01が勤怠を行いました
[2020-10-23T14:50:51.794] [INFO] app - test01が勤怠を行いました
[2020-10-23T14:50:51.796] [WARN] app - 出勤前に退勤を行うことはできません
[2020-10-23T14:50:51.807] [INFO] app - test01が勤怠を行いました
[2020-10-23T14:50:51.814] [INFO] app - test01が勤怠を行いました
[2020-10-23T14:54:04.337] [INFO] app - test01が勤怠を行いました
[2020-10-23T14:56:35.680] [INFO] app - test01が勤怠を行いました
[2020-10-23T14:56:35.737] [INFO] app - test01が勤怠を行いました
[2020-10-23T14:56:35.747] [INFO] app - test01が勤怠を行いました
[2020-10-23T14:56:35.750] [INFO] app - test01が勤怠を行いました
[2020-10-23T14:56:35.752] [WARN] app - 出勤前に退勤を行うことはできません
[2020-10-23T14:56:35.762] [INFO] app - test01が勤怠を行いました
[2020-10-23T14:56:35.768] [INFO] app - test01が勤怠を行いました
[2020-10-23T15:07:48.391] [INFO] app - test01が勤怠を行いました
[2020-10-23T15:07:48.446] [INFO] app - test01が勤怠を行いました
[2020-10-23T15:07:48.460] [INFO] app - test01が勤怠を行いました
[2020-10-23T15:07:48.464] [INFO] app - test01が勤怠を行いました
[2020-10-23T15:07:48.467] [WARN] app - 出勤前に退勤を行うことはできません
[2020-10-23T15:07:48.477] [INFO] app - test01が勤怠を行いました
[2020-10-23T15:07:48.481] [INFO] app - test01が勤怠を行いました
[2020-10-23T15:07:58.879] [INFO] app - [object Object]が勤怠を行いました
[2020-10-23T15:07:58.879] [INFO] app - [object Object]が勤怠を行いました
[2020-10-23T15:07:58.887] [INFO] app - [object Object]が勤怠を行いました
[2020-10-23T15:07:58.890] [INFO] app - [object Object]が勤怠を行いました
[2020-10-23T15:07:58.893] [WARN] app - 出勤前に退勤を行うことはできません
[2020-10-23T15:07:58.902] [INFO] app - [object Object]が勤怠を行いました
[2020-10-23T15:07:58.907] [INFO] app - [object Object]が勤怠を行いました
[2020-10-23T15:08:40.186] [INFO] app - 「[object Object]」が勤怠を行いました
[2020-10-23T15:08:40.243] [INFO] app - 「[object Object]」が勤怠を行いました
[2020-10-23T15:08:40.256] [INFO] app - 「[object Object]」が勤怠を行いました
[2020-10-23T15:08:40.259] [INFO] app - 「[object Object]」が勤怠を行いました
[2020-10-23T15:08:40.262] [WARN] app - 出勤前に退勤を行うことはできません
[2020-10-23T15:08:40.271] [INFO] app - 「[object Object]」が勤怠を行いました
[2020-10-23T15:08:40.277] [INFO] app - 「[object Object]」が勤怠を行いました
[2020-10-23T15:09:07.915] [INFO] app - 「[object Object]」が勤怠を行いました
[2020-10-23T15:09:07.977] [INFO] app - 「[object Object]」が勤怠を行いました
[2020-10-23T15:09:07.985] [INFO] app - 「[object Object]」が勤怠を行いました
[2020-10-23T15:09:07.988] [INFO] app - 「[object Object]」が勤怠を行いました
[2020-10-23T15:09:07.990] [WARN] app - 出勤前に退勤を行うことはできません
[2020-10-23T15:09:08.000] [INFO] app - 「[object Object]」が勤怠を行いました
[2020-10-23T15:09:08.006] [INFO] app - 「[object Object]」が勤怠を行いました
[2020-10-23T15:09:50.456] [INFO] app - 「[object Object]」が勤怠を行いました
[2020-10-23T15:09:52.382] [INFO] app - 「[object Object]」が勤怠を行いました
[2020-10-23T15:09:52.392] [INFO] app - 「[object Object]」が勤怠を行いました
[2020-10-23T15:09:52.395] [INFO] app - 「[object Object]」が勤怠を行いました
[2020-10-23T15:09:52.397] [WARN] app - 出勤前に退勤を行うことはできません
[2020-10-23T15:09:52.406] [INFO] app - 「[object Object]」が勤怠を行いました
[2020-10-23T15:09:52.411] [INFO] app - 「[object Object]」が勤怠を行いました
[2020-10-24T05:36:54.948] [INFO] app - 「[object Object]」が勤怠を行いました
[2020-10-24T05:36:55.104] [INFO] app - 「[object Object]」が勤怠を行いました
[2020-10-24T05:36:55.116] [INFO] app - 「[object Object]」が勤怠を行いました
[2020-10-24T05:36:55.119] [INFO] app - 「[object Object]」が勤怠を行いました
[2020-10-24T05:36:55.122] [WARN] app - 出勤前に退勤を行うことはできません
[2020-10-24T05:36:55.135] [INFO] app - 「[object Object]」が勤怠を行いました
[2020-10-24T05:36:55.143] [INFO] app - 「[object Object]」が勤怠を行いました
[2020-10-24T05:37:05.802] [INFO] app - 「[object Object]」が勤怠を行いました
[2020-10-24T05:37:05.816] [INFO] app - 「[object Object]」が勤怠を行いました
[2020-10-24T05:37:05.822] [INFO] app - 「[object Object]」が勤怠を行いました
[2020-10-24T05:37:05.826] [WARN] app - 出勤前に退勤を行うことはできません
[2020-10-24T05:37:05.845] [INFO] app - 「[object Object]」が勤怠を行いました
[2020-10-24T05:37:05.855] [INFO] app - 「[object Object]」が勤怠を行いました
[2020-10-24T05:37:05.923] [INFO] app - 「[object Object]」が勤怠を行いました
[2020-10-24T05:38:30.138] [INFO] app - 「[object Object]」が勤怠を行いました
[2020-10-24T05:38:30.146] [INFO] app - 「[object Object]」が勤怠を行いました
[2020-10-24T05:38:30.149] [INFO] app - 「[object Object]」が勤怠を行いました
[2020-10-24T05:38:30.151] [WARN] app - 出勤前に退勤を行うことはできません
[2020-10-24T05:38:30.160] [INFO] app - 「[object Object]」が勤怠を行いました
[2020-10-24T05:38:30.164] [INFO] app - 「[object Object]」が勤怠を行いました
[2020-10-24T05:38:30.185] [INFO] app - 「[object Object]」が勤怠を行いました
[2020-10-24T05:38:44.854] [INFO] app - 「[object Object]」が勤怠を行いました
[2020-10-24T05:39:49.327] [INFO] app - 「[object Object]」が勤怠を行いました
[2020-10-24T05:39:49.339] [INFO] app - 「[object Object]」が勤怠を行いました
[2020-10-24T05:39:49.349] [INFO] app - 「[object Object]」が勤怠を行いました
[2020-10-24T05:39:49.352] [INFO] app - 「[object Object]」が勤怠を行いました
[2020-10-24T05:39:49.354] [WARN] app - 出勤前に退勤を行うことはできません
[2020-10-24T05:39:49.363] [INFO] app - 「[object Object]」が勤怠を行いました
[2020-10-24T05:39:49.368] [INFO] app - 「[object Object]」が勤怠を行いました
[2020-10-24T05:40:19.496] [INFO] app - 「[object Object]」が勤怠を行いました
[2020-10-24T05:40:19.533] [INFO] app - 「[object Object]」が勤怠を行いました
[2020-10-24T05:40:19.544] [INFO] app - 「[object Object]」が勤怠を行いました
[2020-10-24T05:40:19.548] [INFO] app - 「[object Object]」が勤怠を行いました
[2020-10-24T05:40:19.550] [WARN] app - 出勤前に退勤を行うことはできません
[2020-10-24T05:40:19.560] [INFO] app - 「[object Object]」が勤怠を行いました
[2020-10-24T05:40:19.565] [INFO] app - 「[object Object]」が勤怠を行いました
[2020-10-24T05:45:05.120] [INFO] app - 「[object Object]」が勤怠を行いました
[2020-10-24T05:45:05.142] [INFO] app - 「[object Object]」が勤怠を行いました
[2020-10-24T05:45:05.151] [INFO] app - 「[object Object]」が勤怠を行いました
[2020-10-24T05:45:05.154] [INFO] app - 「[object Object]」が勤怠を行いました
[2020-10-24T05:45:05.156] [WARN] app - 出勤前に退勤を行うことはできません
[2020-10-24T05:45:05.162] [INFO] app - 「[object Object]」が勤怠を行いました
[2020-10-24T05:45:05.164] [INFO] app - 「[object Object]」が勤怠を行いました
[2020-10-24T10:33:37.640] [INFO] appFile - 「[object Object]」が勤怠を行いました
[2020-10-24T10:33:37.646] [INFO] appFile - 「[object Object]」が勤怠を行いました
[2020-10-24T10:33:37.653] [INFO] appFile - 「[object Object]」が勤怠を行いました
[2020-10-24T10:33:37.655] [INFO] appFile - 「[object Object]」が勤怠を行いました
[2020-10-24T10:33:37.658] [WARN] appFile - 出勤前に退勤を行うことはできません
[2020-10-24T10:33:37.663] [INFO] appFile - 「[object Object]」が勤怠を行いました
[2020-10-24T10:33:37.666] [INFO] appFile - 「[object Object]」が勤怠を行いました
[2020-10-24T10:33:56.513] [INFO] appFile - 「[object Object]」が勤怠を行いました
[2020-10-24T12:35:08.368] [INFO] appFile - 「[object Object]」が勤怠を行いました
[2020-10-24T12:35:08.703] [INFO] appFile - 「[object Object]」が勤怠を行いました
[2020-10-24T12:35:08.709] [INFO] appFile - 「[object Object]」が勤怠を行いました
[2020-10-24T12:35:08.711] [INFO] appFile - 「[object Object]」が勤怠を行いました
[2020-10-24T12:35:08.716] [WARN] appFile - 出勤前に退勤を行うことはできません
[2020-10-24T12:35:08.721] [INFO] appFile - 「[object Object]」が勤怠を行いました
[2020-10-24T12:35:08.723] [INFO] appFile - 「[object Object]」が勤怠を行いました
[2020-10-24T12:35:17.880] [INFO] appFile - 「[object Object]」が勤怠を行いました
[2020-10-24T12:35:17.887] [INFO] appFile - 「[object Object]」が勤怠を行いました
[2020-10-24T12:35:17.890] [INFO] appFile - 「[object Object]」が勤怠を行いました
[2020-10-24T12:35:17.897] [WARN] appFile - 出勤前に退勤を行うことはできません
[2020-10-24T12:35:17.907] [INFO] appFile - 「[object Object]」が勤怠を行いました
[2020-10-24T12:35:17.910] [INFO] appFile - 「[object Object]」が勤怠を行いました
[2020-10-24T12:35:17.966] [INFO] appFile - 「[object Object]」が勤怠を行いました
[2020-10-24T12:35:29.769] [INFO] appFile - 「[object Object]」が勤怠を行いました
[2020-10-24T12:35:29.779] [INFO] appFile - 「[object Object]」が勤怠を行いました
[2020-10-24T12:35:29.786] [INFO] appFile - 「[object Object]」が勤怠を行いました
[2020-10-24T12:35:29.788] [INFO] appFile - 「[object Object]」が勤怠を行いました
[2020-10-24T12:35:29.792] [WARN] appFile - 出勤前に退勤を行うことはできません
[2020-10-24T12:35:29.801] [INFO] appFile - 「[object Object]」が勤怠を行いました
[2020-10-24T12:35:29.804] [INFO] appFile - 「[object Object]」が勤怠を行いました
[2020-10-24T12:36:14.479] [INFO] appFile - 「[object Object]」が勤怠を行いました
[2020-10-24T12:36:14.517] [INFO] appFile - 「[object Object]」が勤怠を行いました
[2020-10-24T12:36:14.523] [INFO] appFile - 「[object Object]」が勤怠を行いました
[2020-10-24T12:36:14.526] [INFO] appFile - 「[object Object]」が勤怠を行いました
[2020-10-24T12:36:14.530] [WARN] appFile - 出勤前に退勤を行うことはできません
[2020-10-24T12:36:14.535] [INFO] appFile - 「[object Object]」が勤怠を行いました
[2020-10-24T12:36:14.537] [INFO] appFile - 「[object Object]」が勤怠を行いました
[2020-10-24T12:36:30.916] [INFO] appFile - 「[object Object]」が勤怠を行いました
[2020-10-24T12:36:30.955] [INFO] appFile - 「[object Object]」が勤怠を行いました
[2020-10-24T12:36:30.964] [INFO] appFile - 「[object Object]」が勤怠を行いました
[2020-10-24T12:36:30.966] [INFO] appFile - 「[object Object]」が勤怠を行いました
[2020-10-24T12:36:30.972] [WARN] appFile - 出勤前に退勤を行うことはできません
[2020-10-24T12:36:30.980] [INFO] appFile - 「[object Object]」が勤怠を行いました
[2020-10-24T12:36:30.984] [INFO] appFile - 「[object Object]」が勤怠を行いました
[2020-10-24T12:36:57.281] [INFO] appFile - 「[object Object]」が勤怠を行いました
[2020-10-24T12:36:57.331] [INFO] appFile - 「[object Object]」が勤怠を行いました
[2020-10-24T12:36:57.338] [INFO] appFile - 「[object Object]」が勤怠を行いました
[2020-10-24T12:36:57.340] [INFO] appFile - 「[object Object]」が勤怠を行いました
[2020-10-24T12:36:57.345] [WARN] appFile - 出勤前に退勤を行うことはできません
[2020-10-24T12:36:57.350] [INFO] appFile - 「[object Object]」が勤怠を行いました
[2020-10-24T12:36:57.352] [INFO] appFile - 「[object Object]」が勤怠を行いました
[2020-10-24T12:37:05.616] [INFO] appFile - 「[object Object]」が勤怠を行いました
[2020-10-24T12:37:05.655] [INFO] appFile - 「[object Object]」が勤怠を行いました
[2020-10-24T12:37:05.662] [INFO] appFile - 「[object Object]」が勤怠を行いました
[2020-10-24T12:37:05.664] [INFO] appFile - 「[object Object]」が勤怠を行いました
[2020-10-24T12:37:05.668] [WARN] appFile - 出勤前に退勤を行うことはできません
[2020-10-24T12:37:05.677] [INFO] appFile - 「[object Object]」が勤怠を行いました
[2020-10-24T12:37:05.680] [INFO] appFile - 「[object Object]」が勤怠を行いました
[2020-10-24T12:37:36.577] [INFO] appFile - 「[object Object]」が勤怠を行いました
[2020-10-24T12:37:36.620] [INFO] appFile - 「[object Object]」が勤怠を行いました
[2020-10-24T12:37:36.627] [INFO] appFile - 「[object Object]」が勤怠を行いました
[2020-10-24T12:37:36.629] [INFO] appFile - 「[object Object]」が勤怠を行いました
[2020-10-24T12:37:36.634] [WARN] appFile - 出勤前に退勤を行うことはできません
[2020-10-24T12:37:36.644] [INFO] appFile - 「[object Object]」が勤怠を行いました
[2020-10-24T12:37:36.648] [INFO] appFile - 「[object Object]」が勤怠を行いました
[2020-10-24T12:38:21.656] [INFO] appFile - 「[object Object]」が勤怠を行いました
[2020-10-24T12:38:21.667] [INFO] appFile - 「[object Object]」が勤怠を行いました
[2020-10-24T12:38:21.674] [INFO] appFile - 「[object Object]」が勤怠を行いました
[2020-10-24T12:38:21.677] [INFO] appFile - 「[object Object]」が勤怠を行いました
[2020-10-24T12:38:21.681] [WARN] appFile - 出勤前に退勤を行うことはできません
[2020-10-24T12:38:21.690] [INFO] appFile - 「[object Object]」が勤怠を行いました
[2020-10-24T12:38:21.693] [INFO] appFile - 「[object Object]」が勤怠を行いました
[2020-10-24T12:38:45.287] [INFO] appFile - 「[object Object]」が勤怠を行いました
[2020-10-24T12:38:45.323] [INFO] appFile - 「[object Object]」が勤怠を行いました
[2020-10-24T12:38:45.335] [INFO] appFile - 「[object Object]」が勤怠を行いました
[2020-10-24T12:38:45.337] [INFO] appFile - 「[object Object]」が勤怠を行いました
[2020-10-24T12:38:45.343] [WARN] appFile - 出勤前に退勤を行うことはできません
[2020-10-24T12:38:45.353] [INFO] appFile - 「[object Object]」が勤怠を行いました
[2020-10-24T12:38:45.357] [INFO] appFile - 「[object Object]」が勤怠を行いました
[2020-10-24T12:41:15.278] [INFO] appFile - 「[object Object]」が勤怠を行いました
[2020-10-24T12:41:17.191] [INFO] appFile - 「[object Object]」が勤怠を行いました
[2020-10-24T12:41:17.198] [INFO] appFile - 「[object Object]」が勤怠を行いました
[2020-10-24T12:41:17.200] [INFO] appFile - 「[object Object]」が勤怠を行いました
[2020-10-24T12:41:17.205] [WARN] appFile - 出勤前に退勤を行うことはできません
[2020-10-24T12:41:17.213] [INFO] appFile - 「[object Object]」が勤怠を行いました
[2020-10-24T12:41:17.217] [INFO] appFile - 「[object Object]」が勤怠を行いました
[2020-10-24T12:41:29.836] [INFO] appFile - 「[object Object]」が勤怠を行いました
[2020-10-24T12:41:31.808] [INFO] appFile - 「[object Object]」が勤怠を行いました
[2020-10-24T12:41:31.814] [INFO] appFile - 「[object Object]」が勤怠を行いました
[2020-10-24T12:41:31.817] [INFO] appFile - 「[object Object]」が勤怠を行いました
[2020-10-24T12:41:31.821] [WARN] appFile - 出勤前に退勤を行うことはできません
[2020-10-24T12:41:31.829] [INFO] appFile - 「[object Object]」が勤怠を行いました
[2020-10-24T12:41:31.833] [INFO] appFile - 「[object Object]」が勤怠を行いました
[2020-10-24T12:41:34.850] [INFO] appFile - 「[object Object]」が勤怠を行いました
[2020-10-24T12:41:34.855] [INFO] appFile - 「[object Object]」が勤怠を行いました
[2020-10-24T12:41:34.878] [WARN] appFile - 出勤前に退勤を行うことはできません
[2020-10-24T12:43:08.702] [INFO] appFile - 「[object Object]」が勤怠を行いました
[2020-10-24T12:43:10.834] [INFO] appFile - 「[object Object]」が勤怠を行いました
[2020-10-24T12:43:10.841] [INFO] appFile - 「[object Object]」が勤怠を行いました
[2020-10-24T12:43:10.846] [INFO] appFile - 「[object Object]」が勤怠を行いました
[2020-10-24T12:43:10.859] [INFO] appFile - 「[object Object]」が勤怠を行いました
[2020-10-24T12:43:10.866] [INFO] appFile - 「[object Object]」が勤怠を行いました
[2020-10-24T12:43:14.236] [INFO] appFile - 「[object Object]」が勤怠を行いました
[2020-10-24T12:43:14.240] [INFO] appFile - 「[object Object]」が勤怠を行いました
[2020-10-24T12:45:05.620] [INFO] appFile - 「[object Object]」が勤怠を行いました
[2020-10-24T12:45:05.658] [INFO] appFile - 「[object Object]」が勤怠を行いました
[2020-10-24T12:45:05.669] [INFO] appFile - 「[object Object]」が勤怠を行いました
[2020-10-24T12:45:05.672] [INFO] appFile - 「[object Object]」が勤怠を行いました
[2020-10-24T12:45:05.681] [INFO] appFile - 「[object Object]」が勤怠を行いました
[2020-10-24T12:45:05.684] [INFO] appFile - 「[object Object]」が勤怠を行いました
[2020-10-24T13:34:06.991] [INFO] appFile - 「[object Object]」が勤怠を行いました
[2020-10-24T13:34:07.032] [INFO] appFile - 「[object Object]」が勤怠を行いました
[2020-10-24T13:34:07.043] [INFO] appFile - 「[object Object]」が勤怠を行いました
[2020-10-24T13:34:07.046] [INFO] appFile - 「[object Object]」が勤怠を行いました
[2020-10-24T13:34:07.057] [INFO] appFile - 「[object Object]」が勤怠を行いました
[2020-10-24T13:34:07.063] [INFO] appFile - 「[object Object]」が勤怠を行いました
[2020-10-24T13:34:15.779] [INFO] appFile - 「[object Object]」が勤怠を行いました
[2020-10-24T13:34:15.857] [INFO] appFile - 「[object Object]」が勤怠を行いました
[2020-10-24T13:34:15.864] [INFO] appFile - 「[object Object]」が勤怠を行いました
[2020-10-24T13:34:15.867] [INFO] appFile - 「[object Object]」が勤怠を行いました
[2020-10-24T13:34:15.875] [INFO] appFile - 「[object Object]」が勤怠を行いました
[2020-10-24T13:34:15.881] [INFO] appFile - 「[object Object]」が勤怠を行いました
[2020-10-24T13:34:34.460] [INFO] appFile - 「[object Object]」が勤怠を行いました
[2020-10-24T13:34:34.470] [INFO] appFile - 「[object Object]」が勤怠を行いました
[2020-10-24T13:34:34.477] [INFO] appFile - 「[object Object]」が勤怠を行いました
[2020-10-24T13:34:34.481] [INFO] appFile - 「[object Object]」が勤怠を行いました
[2020-10-24T13:34:34.493] [INFO] appFile - 「[object Object]」が勤怠を行いました
[2020-10-24T13:34:34.502] [INFO] appFile - 「[object Object]」が勤怠を行いました
[2020-10-24T13:35:04.972] [INFO] appFile - 「[object Object]」が勤怠を行いました
[2020-10-24T13:35:06.801] [INFO] appFile - 「[object Object]」が勤怠を行いました
[2020-10-24T13:35:06.808] [INFO] appFile - 「[object Object]」が勤怠を行いました
[2020-10-24T13:35:06.810] [INFO] appFile - 「[object Object]」が勤怠を行いました
[2020-10-24T13:35:06.821] [INFO] appFile - 「[object Object]」が勤怠を行いました
[2020-10-24T13:35:06.824] [INFO] appFile - 「[object Object]」が勤怠を行いました
[2020-10-24T13:35:14.465] [INFO] appFile - 「[object Object]」が勤怠を行いました
[2020-10-24T13:35:14.469] [INFO] appFile - 「[object Object]」が勤怠を行いました
[2020-10-24T13:36:55.340] [INFO] appFile - 「[object Object]」が勤怠を行いました
[2020-10-24T13:36:55.362] [INFO] appFile - 「[object Object]」が勤怠を行いました
[2020-10-24T13:36:55.377] [INFO] appFile - 「[object Object]」が勤怠を行いました
[2020-10-24T13:36:55.381] [INFO] appFile - 「[object Object]」が勤怠を行いました
[2020-10-24T13:36:55.394] [INFO] appFile - 「[object Object]」が勤怠を行いました
[2020-10-24T13:36:55.400] [INFO] appFile - 「[object Object]」が勤怠を行いました
[2020-10-24T13:39:21.112] [INFO] appFile - 「[object Object]」が勤怠を行いました
[2020-10-24T13:39:21.146] [INFO] appFile - 「[object Object]」が勤怠を行いました
[2020-10-24T13:39:21.152] [INFO] appFile - 「[object Object]」が勤怠を行いました
[2020-10-24T13:39:21.155] [INFO] appFile - 「[object Object]」が勤怠を行いました
[2020-10-24T13:39:21.167] [INFO] appFile - 「[object Object]」が勤怠を行いました
[2020-10-24T13:39:21.170] [INFO] appFile - 「[object Object]」が勤怠を行いました
[2020-10-24T13:39:24.451] [INFO] appFile - 「[object Object]」が勤怠を行いました
[2020-10-24T13:39:24.455] [INFO] appFile - 「[object Object]」が勤怠を行いました
[2020-10-24T13:40:30.261] [INFO] appFile - 「[object Object]」が勤怠を行いました
[2020-10-24T13:40:30.273] [INFO] appFile - 「[object Object]」が勤怠を行いました
[2020-10-24T13:40:30.277] [INFO] appFile - 「[object Object]」が勤怠を行いました
[2020-10-24T13:40:30.294] [INFO] appFile - 「[object Object]」が勤怠を行いました
[2020-10-24T13:40:30.301] [INFO] appFile - 「[object Object]」が勤怠を行いました
[2020-10-24T13:40:30.729] [INFO] appFile - 「[object Object]」が勤怠を行いました
[2020-10-24T13:40:48.306] [INFO] appFile - 「[object Object]」が勤怠を行いました
[2020-10-24T13:40:48.309] [INFO] appFile - 「[object Object]」が勤怠を行いました
[2020-10-24T13:40:48.320] [INFO] appFile - 「[object Object]」が勤怠を行いました
[2020-10-24T13:40:48.325] [INFO] appFile - 「[object Object]」が勤怠を行いました
[2020-10-24T13:40:48.337] [INFO] appFile - 「[object Object]」が勤怠を行いました
[2020-10-24T13:40:48.342] [INFO] appFile - 「[object Object]」が勤怠を行いました
[2020-10-24T13:40:51.855] [INFO] appFile - 「[object Object]」が勤怠を行いました
[2020-10-24T13:40:51.859] [INFO] appFile - 「[object Object]」が勤怠を行いました
[2020-10-24T13:41:51.712] [INFO] appFile - 「[object Object]」が勤怠を行いました
[2020-10-24T13:41:53.678] [INFO] appFile - 「[object Object]」が勤怠を行いました
[2020-10-24T13:41:53.685] [INFO] appFile - 「[object Object]」が勤怠を行いました
[2020-10-24T13:41:53.688] [INFO] appFile - 「[object Object]」が勤怠を行いました
[2020-10-24T13:41:53.701] [INFO] appFile - 「[object Object]」が勤怠を行いました
[2020-10-24T13:41:53.704] [INFO] appFile - 「[object Object]」が勤怠を行いました
[2020-10-24T13:41:55.792] [INFO] appFile - 「[object Object]」が勤怠を行いました
[2020-10-24T13:41:55.796] [INFO] appFile - 「[object Object]」が勤怠を行いました
[2020-10-24T13:42:40.272] [INFO] appFile - 「[object Object]」が勤怠を行いました
[2020-10-24T13:42:49.630] [INFO] appFile - 「[object Object]」が勤怠を行いました
[2020-10-24T13:43:16.699] [INFO] appFile - 「[object Object]」が勤怠を行いました
[2020-10-24T13:43:18.882] [INFO] appFile - 「[object Object]」が勤怠を行いました
[2020-10-24T13:43:18.889] [INFO] appFile - 「[object Object]」が勤怠を行いました
[2020-10-24T13:43:18.893] [INFO] appFile - 「[object Object]」が勤怠を行いました
[2020-10-24T13:43:18.902] [INFO] appFile - 「[object Object]」が勤怠を行いました
[2020-10-24T13:43:18.905] [INFO] appFile - 「[object Object]」が勤怠を行いました
[2020-10-24T13:44:00.370] [INFO] appFile - 「[object Object]」が勤怠を行いました
[2020-10-24T13:44:00.374] [INFO] appFile - 「[object Object]」が勤怠を行いました
[2020-10-24T13:46:38.605] [INFO] appFile - 「[object Object]」が勤怠を行いました
[2020-10-24T13:46:38.640] [INFO] appFile - 「[object Object]」が勤怠を行いました
[2020-10-24T13:46:38.650] [INFO] appFile - 「[object Object]」が勤怠を行いました
[2020-10-24T13:46:38.653] [INFO] appFile - 「[object Object]」が勤怠を行いました
[2020-10-24T13:46:38.667] [INFO] appFile - 「[object Object]」が勤怠を行いました
[2020-10-24T13:46:38.671] [INFO] appFile - 「[object Object]」が勤怠を行いました
[2020-10-24T13:46:46.906] [INFO] appFile - 「[object Object]」が勤怠を行いました
[2020-10-24T13:46:46.910] [INFO] appFile - 「[object Object]」が勤怠を行いました
[2020-10-24T14:05:20.457] [INFO] appFile - 「[object Object]」が勤怠を行いました
[2020-10-24T14:05:20.480] [INFO] appFile - 「[object Object]」が勤怠を行いました
[2020-10-24T14:05:20.497] [INFO] appFile - 「[object Object]」が勤怠を行いました
[2020-10-24T14:05:20.502] [INFO] appFile - 「[object Object]」が勤怠を行いました
[2020-10-24T14:05:20.513] [INFO] appFile - 「[object Object]」が勤怠を行いました
[2020-10-24T14:05:20.517] [INFO] appFile - 「[object Object]」が勤怠を行いました
[2020-10-24T14:06:03.190] [INFO] appFile - 「[object Object]」が勤怠を行いました
[2020-10-24T14:06:03.287] [INFO] appFile - 「[object Object]」が勤怠を行いました
[2020-10-24T14:06:03.306] [INFO] appFile - 「[object Object]」が勤怠を行いました
[2020-10-24T14:06:03.309] [INFO] appFile - 「[object Object]」が勤怠を行いました
[2020-10-24T14:06:03.322] [INFO] appFile - 「[object Object]」が勤怠を行いました
[2020-10-24T14:06:03.331] [INFO] appFile - 「[object Object]」が勤怠を行いました
[2020-10-24T14:06:07.120] [INFO] appFile - 「[object Object]」が勤怠を行いました
[2020-10-24T14:06:07.124] [INFO] appFile - 「[object Object]」が勤怠を行いました
[2020-10-24T14:09:45.728] [INFO] appFile - 「[object Object]」が勤怠を行いました
[2020-10-24T14:09:45.766] [INFO] appFile - 「[object Object]」が勤怠を行いました
[2020-10-24T14:09:45.788] [INFO] appFile - 「[object Object]」が勤怠を行いました
[2020-10-24T14:09:45.792] [INFO] appFile - 「[object Object]」が勤怠を行いました
[2020-10-24T14:09:45.808] [INFO] appFile - 「[object Object]」が勤怠を行いました
[2020-10-24T14:09:45.820] [INFO] appFile - 「[object Object]」が勤怠を行いました
[2020-10-24T14:10:15.988] [INFO] appFile - 「[object Object]」が勤怠を行いました
[2020-10-24T14:10:16.045] [INFO] appFile - 「[object Object]」が勤怠を行いました
[2020-10-24T14:10:16.058] [INFO] appFile - 「[object Object]」が勤怠を行いました
[2020-10-24T14:10:16.061] [INFO] appFile - 「[object Object]」が勤怠を行いました
[2020-10-24T14:10:16.072] [INFO] appFile - 「[object Object]」が勤怠を行いました
[2020-10-24T14:10:16.082] [INFO] appFile - 「[object Object]」が勤怠を行いました
[2020-10-24T14:10:20.778] [INFO] appFile - 「[object Object]」が勤怠を行いました
[2020-10-24T14:10:20.782] [INFO] appFile - 「[object Object]」が勤怠を行いました
[2020-10-24T14:10:38.211] [INFO] appFile - 「[object Object]」が勤怠を行いました
[2020-10-24T14:10:38.218] [INFO] appFile - 「[object Object]」が勤怠を行いました
[2020-10-24T14:10:38.221] [INFO] appFile - 「[object Object]」が勤怠を行いました
[2020-10-24T14:10:38.228] [INFO] appFile - 「[object Object]」が勤怠を行いました
[2020-10-24T14:10:38.240] [INFO] appFile - 「[object Object]」が勤怠を行いました
[2020-10-24T14:10:38.261] [INFO] appFile - 「[object Object]」が勤怠を行いました
[2020-10-24T14:10:56.167] [INFO] appFile - 「[object Object]」が勤怠を行いました
[2020-10-24T14:10:58.092] [INFO] appFile - 「[object Object]」が勤怠を行いました
[2020-10-24T14:10:58.103] [INFO] appFile - 「[object Object]」が勤怠を行いました
[2020-10-24T14:10:58.106] [INFO] appFile - 「[object Object]」が勤怠を行いました
[2020-10-24T14:10:58.116] [INFO] appFile - 「[object Object]」が勤怠を行いました
[2020-10-24T14:12:37.925] [INFO] appFile - 「[object Object]」が勤怠を行いました
[2020-10-24T14:13:09.402] [INFO] appFile - 「[object Object]」が勤怠を行いました
[2020-10-24T14:13:17.960] [INFO] appFile - 「[object Object]」が勤怠を行いました
[2020-10-24T14:13:35.409] [INFO] appFile - 「[object Object]」が勤怠を行いました
[2020-10-24T14:13:59.417] [INFO] appFile - 「[object Object]」が勤怠を行いました
[2020-10-24T14:14:34.295] [INFO] appFile - 「[object Object]」が勤怠を行いました
[2020-10-24T14:14:48.743] [INFO] appFile - 「[object Object]」が勤怠を行いました
[2020-10-24T14:15:11.831] [INFO] appFile - 「[object Object]」が勤怠を行いました
[2020-10-24T14:15:29.171] [INFO] appFile - 「[object Object]」が勤怠を行いました
[2020-10-24T14:15:31.297] [INFO] appFile - 「[object Object]」が勤怠を行いました
[2020-10-24T14:15:31.302] [INFO] appFile - 「[object Object]」が勤怠を行いました
[2020-10-24T14:15:31.304] [INFO] appFile - 「[object Object]」が勤怠を行いました
[2020-10-24T14:15:31.308] [INFO] appFile - 「[object Object]」が勤怠を行いました
[2020-10-24T14:15:31.309] [INFO] appFile - 「[object Object]」が勤怠を行いました
[2020-10-24T14:15:42.562] [INFO] appFile - 「[object Object]」が勤怠を行いました
[2020-10-24T14:15:44.384] [INFO] appFile - 「[object Object]」が勤怠を行いました
[2020-10-24T14:15:44.393] [INFO] appFile - 「[object Object]」が勤怠を行いました
[2020-10-24T14:15:44.395] [INFO] appFile - 「[object Object]」が勤怠を行いました
[2020-10-24T14:15:44.402] [INFO] appFile - 「[object Object]」が勤怠を行いました
[2020-10-24T14:15:44.403] [INFO] appFile - 「[object Object]」が勤怠を行いました
[2020-10-24T14:15:44.410] [INFO] appFile - 「[object Object]」が勤怠を行いました
[2020-10-24T14:15:44.411] [INFO] appFile - 「[object Object]」が勤怠を行いました
[2020-10-24T14:15:56.528] [INFO] appFile - 「[object Object]」が勤怠を行いました
[2020-10-24T14:15:58.375] [INFO] appFile - 「[object Object]」が勤怠を行いました
[2020-10-24T14:15:58.385] [INFO] appFile - 「[object Object]」が勤怠を行いました
[2020-10-24T14:15:58.387] [INFO] appFile - 「[object Object]」が勤怠を行いました
[2020-10-24T14:15:58.395] [INFO] appFile - 「[object Object]」が勤怠を行いました
[2020-10-24T14:15:58.396] [INFO] appFile - 「[object Object]」が勤怠を行いました
[2020-10-24T14:15:58.404] [INFO] appFile - 「[object Object]」が勤怠を行いました
[2020-10-24T14:15:58.405] [INFO] appFile - 「[object Object]」が勤怠を行いました
[2020-10-24T14:16:33.546] [INFO] appFile - 「[object Object]」が勤怠を行いました
[2020-10-24T14:16:35.524] [INFO] appFile - 「[object Object]」が勤怠を行いました
[2020-10-24T14:16:35.531] [INFO] appFile - 「[object Object]」が勤怠を行いました
[2020-10-24T14:16:35.534] [INFO] appFile - 「[object Object]」が勤怠を行いました
[2020-10-24T14:16:35.540] [INFO] appFile - 「[object Object]」が勤怠を行いました
[2020-10-24T14:16:35.541] [INFO] appFile - 「[object Object]」が勤怠を行いました
[2020-10-24T14:16:35.548] [INFO] appFile - 「[object Object]」が勤怠を行いました
[2020-10-24T14:16:35.548] [INFO] appFile - 「[object Object]」が勤怠を行いました
[2020-10-24T14:16:35.549] [INFO] appFile - 「[object Object]」が勤怠を行いました
[2020-10-24T14:16:41.355] [INFO] appFile - 「[object Object]」が勤怠を行いました
[2020-10-24T14:16:43.339] [INFO] appFile - 「[object Object]」が勤怠を行いました
[2020-10-24T14:16:43.348] [INFO] appFile - 「[object Object]」が勤怠を行いました
[2020-10-24T14:16:43.351] [INFO] appFile - 「[object Object]」が勤怠を行いました
[2020-10-24T14:16:43.358] [INFO] appFile - 「[object Object]」が勤怠を行いました
[2020-10-24T14:16:43.359] [INFO] appFile - 「[object Object]」が勤怠を行いました
[2020-10-24T14:16:43.365] [INFO] appFile - 「[object Object]」が勤怠を行いました
[2020-10-24T14:16:43.366] [INFO] appFile - 「[object Object]」が勤怠を行いました
[2020-10-24T14:16:43.367] [INFO] appFile - 「[object Object]」が勤怠を行いました
[2020-10-24T14:17:26.904] [INFO] appFile - 「[object Object]」が勤怠を行いました
[2020-10-24T14:17:28.822] [INFO] appFile - 「[object Object]」が勤怠を行いました
[2020-10-24T14:17:28.830] [INFO] appFile - 「[object Object]」が勤怠を行いました
[2020-10-24T14:17:28.833] [INFO] appFile - 「[object Object]」が勤怠を行いました
[2020-10-24T14:17:28.839] [INFO] appFile - 「[object Object]」が勤怠を行いました
[2020-10-24T14:17:28.840] [INFO] appFile - 「[object Object]」が勤怠を行いました
[2020-10-24T14:17:28.847] [INFO] appFile - 「[object Object]」が勤怠を行いました
[2020-10-24T14:17:28.848] [INFO] appFile - 「[object Object]」が勤怠を行いました
[2020-10-24T14:17:28.848] [INFO] appFile - 「[object Object]」が勤怠を行いました
[2020-10-24T14:17:38.848] [INFO] appFile - 「[object Object]」が勤怠を行いました
[2020-10-24T14:17:38.927] [INFO] appFile - 「[object Object]」が勤怠を行いました
[2020-10-24T14:17:38.939] [INFO] appFile - 「[object Object]」が勤怠を行いました
[2020-10-24T14:17:38.942] [INFO] appFile - 「[object Object]」が勤怠を行いました
[2020-10-24T14:17:38.956] [INFO] appFile - 「[object Object]」が勤怠を行いました
[2020-10-24T14:17:38.957] [INFO] appFile - 「[object Object]」が勤怠を行いました
[2020-10-24T14:17:38.966] [INFO] appFile - 「[object Object]」が勤怠を行いました
[2020-10-24T14:17:38.967] [INFO] appFile - 「[object Object]」が勤怠を行いました
[2020-10-24T14:17:38.968] [INFO] appFile - 「[object Object]」が勤怠を行いました
[2020-10-24T14:17:54.538] [INFO] appFile - 「[object Object]」が勤怠を行いました
[2020-10-24T14:17:54.566] [INFO] appFile - 「[object Object]」が勤怠を行いました
[2020-10-24T14:17:54.577] [INFO] appFile - 「[object Object]」が勤怠を行いました
[2020-10-24T14:17:54.580] [INFO] appFile - 「[object Object]」が勤怠を行いました
[2020-10-24T14:17:54.588] [INFO] appFile - 「[object Object]」が勤怠を行いました
[2020-10-24T14:17:54.589] [INFO] appFile - 「[object Object]」が勤怠を行いました
[2020-10-24T14:17:54.596] [INFO] appFile - 「[object Object]」が勤怠を行いました
[2020-10-24T14:17:54.597] [INFO] appFile - 「[object Object]」が勤怠を行いました
[2020-10-24T14:17:54.599] [INFO] appFile - 「[object Object]」が勤怠を行いました
[2020-10-24T14:18:04.711] [INFO] appFile - 「[object Object]」が勤怠を行いました
[2020-10-24T14:18:04.747] [INFO] appFile - 「[object Object]」が勤怠を行いました
[2020-10-24T14:18:04.762] [INFO] appFile - 「[object Object]」が勤怠を行いました
[2020-10-24T14:18:04.766] [INFO] appFile - 「[object Object]」が勤怠を行いました
[2020-10-24T14:18:04.784] [INFO] appFile - 「[object Object]」が勤怠を行いました
[2020-10-24T14:18:04.785] [INFO] appFile - 「[object Object]」が勤怠を行いました
[2020-10-24T14:18:04.792] [INFO] appFile - 「[object Object]」が勤怠を行いました
[2020-10-24T14:18:04.793] [INFO] appFile - 「[object Object]」が勤怠を行いました
[2020-10-24T14:18:04.794] [INFO] appFile - 「[object Object]」が勤怠を行いました
[2020-10-24T14:18:09.981] [INFO] appFile - 「[object Object]」が勤怠を行いました
[2020-10-24T14:18:09.983] [INFO] appFile - 「[object Object]」が勤怠を行いました
[2020-10-24T14:18:09.994] [INFO] appFile - 「[object Object]」が勤怠を行いました
[2020-10-24T14:18:09.997] [INFO] appFile - 「[object Object]」が勤怠を行いました
[2020-10-24T14:18:10.007] [INFO] appFile - 「[object Object]」が勤怠を行いました
[2020-10-24T14:18:10.009] [INFO] appFile - 「[object Object]」が勤怠を行いました
[2020-10-24T14:18:10.017] [INFO] appFile - 「[object Object]」が勤怠を行いました
[2020-10-24T14:18:10.018] [INFO] appFile - 「[object Object]」が勤怠を行いました
[2020-10-24T14:18:10.019] [INFO] appFile - 「[object Object]」が勤怠を行いました
[2020-10-24T14:18:24.268] [INFO] appFile - 「[object Object]」が勤怠を行いました
[2020-10-24T14:18:26.318] [INFO] appFile - 「[object Object]」が勤怠を行いました
[2020-10-24T14:18:26.327] [INFO] appFile - 「[object Object]」が勤怠を行いました
[2020-10-24T14:18:26.330] [INFO] appFile - 「[object Object]」が勤怠を行いました
[2020-10-24T14:18:26.337] [INFO] appFile - 「[object Object]」が勤怠を行いました
[2020-10-24T14:18:26.338] [INFO] appFile - 「[object Object]」が勤怠を行いました
[2020-10-24T14:18:26.345] [INFO] appFile - 「[object Object]」が勤怠を行いました
[2020-10-24T14:18:26.346] [INFO] appFile - 「[object Object]」が勤怠を行いました
[2020-10-24T14:18:26.347] [INFO] appFile - 「[object Object]」が勤怠を行いました
